<?xml version="1.0" encoding="UTF-8"?>
<!-- Generated by org.testng.reporters.JUnitReportReporter -->
<testsuite hostname="Samsung-PC" failures="0" tests="1" name="Day_003_Locators.TC06_cssSelector" time="17.434" errors="0" timestamp="2021-01-27T11:28:50 IST" skipped="0">
  <testcase classname="Day_003_Locators.TC06_cssSelector" name="Test2" time="17.434"/>
  <system-out/>
</testsuite> <!-- Day_003_Locators.TC06_cssSelector -->
