<?xml version="1.0" encoding="UTF-8"?>
<!-- Generated by org.testng.reporters.JUnitReportReporter -->
<testsuite hostname="Samsung-PC" failures="0" tests="1" name="Day_008_Emailable_Report.TestExample" time="13.580" errors="0" timestamp="2021-02-15T09:48:27 IST" skipped="0">
  <testcase classname="Day_008_Emailable_Report.TestExample" name="Test1" time="13.580"/>
  <system-out>
Pass- open Orangehrm Pass- Enter User Name Pass- Enter Password Pass- Click on Signin  </system-out>
</testsuite> <!-- Day_008_Emailable_Report.TestExample -->
