<?xml version="1.0" encoding="UTF-8"?>
<!-- Generated by org.testng.reporters.JUnitReportReporter -->
<testsuite hostname="Samsung-PC" failures="0" tests="1" name="ABC_Demo5.TC01_Login" time="17.921" errors="0" timestamp="2021-02-01T10:40:25 IST" skipped="0">
  <testcase classname="ABC_Demo5.TC01_Login" name="loginTest" time="17.921"/>
  <system-out/>
</testsuite> <!-- ABC_Demo5.TC01_Login -->
