<?xml version="1.0" encoding="UTF-8"?>
<!-- Generated by org.testng.reporters.JUnitReportReporter -->
<testsuite hostname="Samsung-PC" failures="0" tests="1" name="Day_008_Emailable_Report.TestExample2_Browser" time="8.341" errors="0" timestamp="2020-12-29T15:57:14 IST" skipped="0">
  <testcase classname="Day_008_Emailable_Report.TestExample2_Browser" name="Test2" time="8.341"/>
  <system-out>
Pass- open Orangehrm Pass- Enter User Name Pass- Enter Password Pass- Click on Signin  </system-out>
</testsuite> <!-- Day_008_Emailable_Report.TestExample2_Browser -->
