<?xml version="1.0" encoding="UTF-8"?>
<!-- Generated by org.testng.reporters.JUnitReportReporter -->
<testsuite hostname="Samsung-PC" failures="0" tests="1" name="Jan1st2021.NewTest_javaexecutor" time="19.089" errors="0" timestamp="2021-01-02T20:40:22 IST" skipped="0">
  <testcase classname="Jan1st2021.NewTest_javaexecutor" name="Login" time="19.089"/>
  <system-out/>
</testsuite> <!-- Jan1st2021.NewTest_javaexecutor -->
