<?xml version="1.0" encoding="UTF-8"?>
<!-- Generated by org.testng.reporters.JUnitReportReporter -->
<testsuite hostname="Samsung-PC" failures="0" tests="1" name="Day_019_Frames.Switch_Frame_By_WebElement" time="12.796" errors="0" timestamp="2021-01-28T22:25:53 IST" skipped="0">
  <testcase classname="Day_019_Frames.Switch_Frame_By_WebElement" name="Login_Test" time="12.796"/>
  <system-out/>
</testsuite> <!-- Day_019_Frames.Switch_Frame_By_WebElement -->
