<?xml version="1.0" encoding="UTF-8"?>
<!-- Generated by org.testng.reporters.JUnitReportReporter -->
<testsuite hostname="Samsung-PC" failures="0" tests="1" name="Day_021_Java_Script_Executer.TC02_Send_Keys" time="15.372" errors="0" timestamp="2021-01-01T18:24:09 IST" skipped="0">
  <testcase classname="Day_021_Java_Script_Executer.TC02_Send_Keys" name="Login" time="15.372"/>
  <system-out/>
</testsuite> <!-- Day_021_Java_Script_Executer.TC02_Send_Keys -->
