<?xml version="1.0" encoding="UTF-8"?>
<!-- Generated by org.testng.reporters.JUnitReportReporter -->
<testsuite hostname="Samsung-PC" failures="0" tests="1" name="ABC_Demo4.TC01_Login" time="19.996" errors="0" timestamp="2021-01-27T11:17:36 IST" skipped="0">
  <testcase classname="ABC_Demo4.TC01_Login" name="Login_Test" time="19.996"/>
  <system-out/>
</testsuite> <!-- ABC_Demo4.TC01_Login -->
