<?xml version="1.0" encoding="UTF-8"?>
<!-- Generated by org.testng.reporters.JUnitReportReporter -->
<testsuite hostname="Samsung-PC" failures="0" tests="1" name="Dec_prac1.NewTest_4" time="21.408" errors="0" timestamp="2020-12-23T22:36:08 IST" skipped="0">
  <testcase classname="Dec_prac1.NewTest_4" name="Qualifi" time="21.408"/>
  <system-out/>
</testsuite> <!-- Dec_prac1.NewTest_4 -->
