<?xml version="1.0" encoding="UTF-8"?>
<!-- Generated by org.testng.reporters.JUnitReportReporter -->
<testsuite hostname="Samsung-PC" failures="0" tests="1" name="Day_029_PageObjectModel.jobs" time="11.304" errors="0" timestamp="2021-01-01T14:44:34 IST" skipped="0">
  <testcase classname="Day_029_PageObjectModel.jobs" name="prac" time="11.304"/>
  <system-out/>
</testsuite> <!-- Day_029_PageObjectModel.jobs -->
