<?xml version="1.0" encoding="UTF-8"?>
<!-- Generated by org.testng.reporters.JUnitReportReporter -->
<testsuite hostname="Samsung-PC" failures="0" tests="1" name="Day_022_Action_class.Drag_and_drop_amazon_ex" time="10.369" errors="0" timestamp="2021-02-02T17:59:09 IST" skipped="0">
  <testcase classname="Day_022_Action_class.Drag_and_drop_amazon_ex" name="Login_Frames" time="10.369"/>
  <system-out/>
</testsuite> <!-- Day_022_Action_class.Drag_and_drop_amazon_ex -->
