<?xml version="1.0" encoding="UTF-8"?>
<!-- Generated by org.testng.reporters.JUnitReportReporter -->
<testsuite hostname="Samsung-PC" failures="0" tests="1" name="Dec_prac1.NewTest_prac" time="14.581" errors="0" timestamp="2020-12-29T20:19:55 IST" skipped="0">
  <testcase classname="Dec_prac1.NewTest_prac" name="prepare" time="14.581"/>
  <system-out/>
</testsuite> <!-- Dec_prac1.NewTest_prac -->
