<?xml version="1.0" encoding="UTF-8"?>
<!-- Generated by org.testng.reporters.JUnitReportReporter -->
<testsuite hostname="Samsung-PC" failures="0" tests="1" name="ABC_Demo1.TC01_Login" time="13.249" errors="0" timestamp="2020-12-21T21:53:17 IST" skipped="0">
  <testcase classname="ABC_Demo1.TC01_Login" name="LoginTest" time="13.249"/>
  <system-out/>
</testsuite> <!-- ABC_Demo1.TC01_Login -->
