<?xml version="1.0" encoding="UTF-8"?>
<!-- Generated by org.testng.reporters.JUnitReportReporter -->
<testsuite hostname="Samsung-PC" failures="0" tests="1" name="Dec_prac1.NewTest_1" time="15.672" errors="0" timestamp="2020-12-22T22:05:06 IST" skipped="0">
  <testcase classname="Dec_prac1.NewTest_1" name="Login" time="15.672"/>
  <system-out/>
</testsuite> <!-- Dec_prac1.NewTest_1 -->
