<?xml version="1.0" encoding="UTF-8"?>
<!-- Generated by org.testng.reporters.JUnitReportReporter -->
<testsuite hostname="Samsung-PC" failures="0" tests="1" name="Day_011_Katalon_Recorder.TC01_login" time="19.960" errors="0" timestamp="2020-12-30T15:34:39 IST" skipped="0">
  <testcase classname="Day_011_Katalon_Recorder.TC01_login" name="testUntitledTestCase" time="19.960"/>
  <system-out/>
</testsuite> <!-- Day_011_Katalon_Recorder.TC01_login -->
