<?xml version="1.0" encoding="UTF-8"?>
<!-- Generated by org.testng.reporters.JUnitReportReporter -->
<testsuite hostname="Samsung-PC" failures="0" tests="3" name="Day_013_InvocationCount.TC01_InvocationCount" time="42.455" errors="0" timestamp="2021-02-02T10:52:51 IST" skipped="0">
  <testcase classname="Day_013_InvocationCount.TC01_InvocationCount" name="Login" time="12.347"/>
  <system-out/>
  <testcase classname="Day_013_InvocationCount.TC01_InvocationCount" name="Login" time="14.502"/>
  <system-out/>
  <testcase classname="Day_013_InvocationCount.TC01_InvocationCount" name="Login" time="15.606"/>
  <system-out/>
</testsuite> <!-- Day_013_InvocationCount.TC01_InvocationCount -->
