<?xml version="1.0" encoding="UTF-8"?>
<!-- Generated by org.testng.reporters.JUnitReportReporter -->
<testsuite hostname="Samsung-PC" failures="0" tests="1" name="Day_002_Java.TC01_Login" time="13.086" errors="0" timestamp="2021-01-08T10:49:09 IST" skipped="0">
  <testcase classname="Day_002_Java.TC01_Login" name="Login_Test" time="13.086"/>
  <system-out/>
</testsuite> <!-- Day_002_Java.TC01_Login -->
