<?xml version="1.0" encoding="UTF-8"?>
<!-- Generated by org.testng.reporters.JUnitReportReporter -->
<testsuite hostname="Samsung-PC" failures="0" tests="1" name="Dec_prac1.NewTest_2" time="18.928" errors="0" timestamp="2020-12-24T15:39:29 IST" skipped="0">
  <testcase classname="Dec_prac1.NewTest_2" name="Qualifi" time="18.928"/>
  <system-out/>
</testsuite> <!-- Dec_prac1.NewTest_2 -->
