<?xml version="1.0" encoding="UTF-8"?>
<!-- Generated by org.testng.reporters.JUnitReportReporter -->
<testsuite hostname="Samsung-PC" failures="0" tests="1" name="Day_023_File_Upload_Download.TC06_AddPhoto_New_Employee" time="46.729" errors="0" timestamp="2021-01-14T19:05:59 IST" skipped="0">
  <testcase classname="Day_023_File_Upload_Download.TC06_AddPhoto_New_Employee" name="AddEmployee_call_allmethods" time="46.729"/>
  <system-out/>
</testsuite> <!-- Day_023_File_Upload_Download.TC06_AddPhoto_New_Employee -->
