<?xml version="1.0" encoding="UTF-8"?>
<!-- Generated by org.testng.reporters.JUnitReportReporter -->
<testsuite hostname="Samsung-PC" failures="0" tests="1" name="Dec_prac1.NewTestStaticEx" time="16.262" errors="0" timestamp="2020-12-23T22:50:06 IST" skipped="0">
  <testcase classname="Dec_prac1.NewTestStaticEx" name="Qualifi" time="16.262"/>
  <system-out/>
</testsuite> <!-- Dec_prac1.NewTestStaticEx -->
