<?xml version="1.0" encoding="UTF-8"?>
<!-- Generated by org.testng.reporters.JUnitReportReporter -->
<testsuite hostname="Samsung-PC" failures="0" tests="1" name="Day_025_ExcelUtil_Apache_POI.TC02_Excel_Test_xlsx" time="25.196" errors="0" timestamp="2021-02-04T11:37:57 IST" skipped="0">
  <testcase classname="Day_025_ExcelUtil_Apache_POI.TC02_Excel_Test_xlsx" name="hello" time="25.196"/>
  <system-out/>
</testsuite> <!-- Day_025_ExcelUtil_Apache_POI.TC02_Excel_Test_xlsx -->
