<?xml version="1.0" encoding="UTF-8"?>
<!-- Generated by org.testng.reporters.JUnitReportReporter -->
<testsuite hostname="Samsung-PC" failures="0" tests="3" name="Day_005_TestNG_DataProvider_Lab1.OrangeHRM_DataProvider_Lab2" time="67.755" errors="0" timestamp="2020-12-27T11:52:22 IST" skipped="0">
  <testcase classname="Day_005_TestNG_DataProvider_Lab1.OrangeHRM_DataProvider_Lab2" name="Test1" time="32.689"/>
  <system-out/>
  <testcase classname="Day_005_TestNG_DataProvider_Lab1.OrangeHRM_DataProvider_Lab2" name="Test1" time="18.251"/>
  <system-out/>
  <testcase classname="Day_005_TestNG_DataProvider_Lab1.OrangeHRM_DataProvider_Lab2" name="Test1" time="16.815"/>
  <system-out/>
</testsuite> <!-- Day_005_TestNG_DataProvider_Lab1.OrangeHRM_DataProvider_Lab2 -->
