<?xml version="1.0" encoding="UTF-8"?>
<!-- Generated by org.testng.reporters.JUnitReportReporter -->
<testsuite hostname="Samsung-PC" failures="0" tests="1" name="Day_024_Advanced_Xpaths.TC002_Relative_Xpath" time="9.375" errors="0" timestamp="2021-01-28T20:04:46 IST" skipped="0">
  <testcase classname="Day_024_Advanced_Xpaths.TC002_Relative_Xpath" name="Test1" time="9.375"/>
  <system-out/>
</testsuite> <!-- Day_024_Advanced_Xpaths.TC002_Relative_Xpath -->
