<?xml version="1.0" encoding="UTF-8"?>
<!-- Generated by org.testng.reporters.JUnitReportReporter -->
<testsuite hostname="Samsung-PC" failures="0" tests="1" name="Day_009_Extent_Reports.ExtentReport_Test" time="19.853" errors="0" timestamp="2021-02-11T12:29:39 IST" skipped="0">
  <testcase classname="Day_009_Extent_Reports.ExtentReport_Test" name="Report3_Test" time="19.853"/>
  <system-out/>
</testsuite> <!-- Day_009_Extent_Reports.ExtentReport_Test -->
