<?xml version="1.0" encoding="UTF-8"?>
<!-- Generated by org.testng.reporters.JUnitReportReporter -->
<testsuite hostname="Samsung-PC" failures="0" tests="1" name="Day_026_TakeScreenShot.Test1" time="15.646" errors="0" timestamp="2021-01-26T10:39:56 IST" skipped="0">
  <testcase classname="Day_026_TakeScreenShot.Test1" name="TC01_Report_Test" time="15.646"/>
  <system-out/>
</testsuite> <!-- Day_026_TakeScreenShot.Test1 -->
