<?xml version="1.0" encoding="UTF-8"?>
<!-- Generated by org.testng.reporters.JUnitReportReporter -->
<testsuite hostname="Samsung-PC" failures="0" tests="1" name="Day_024_Advanced_Xpaths.TC005_Contains" time="18.343" errors="0" timestamp="2021-01-30T10:51:17 IST" skipped="0">
  <testcase classname="Day_024_Advanced_Xpaths.TC005_Contains" name="Test1" time="18.343"/>
  <system-out/>
</testsuite> <!-- Day_024_Advanced_Xpaths.TC005_Contains -->
