<?xml version="1.0" encoding="UTF-8"?>
<!-- Generated by org.testng.reporters.JUnitReportReporter -->
<testsuite hostname="Samsung-PC" failures="0" tests="1" name="Day_027_Alerts.DemoWebAlert" time="13.971" errors="0" timestamp="2021-02-02T10:19:29 IST" skipped="0">
  <testcase classname="Day_027_Alerts.DemoWebAlert" name="Test6" time="13.971"/>
  <system-out/>
</testsuite> <!-- Day_027_Alerts.DemoWebAlert -->
