<?xml version="1.0" encoding="UTF-8"?>
<!-- Generated by org.testng.reporters.JUnitReportReporter -->
<testsuite hostname="Samsung-PC" failures="0" tests="2" name="Day_41_Method_OverLoading.TC01_Test" time="85.720" errors="0" timestamp="2021-02-02T10:31:13 IST" skipped="0">
  <testcase classname="Day_41_Method_OverLoading.TC01_Test" name="Test1" time="48.220"/>
  <system-out/>
  <testcase classname="Day_41_Method_OverLoading.TC01_Test" name="Test1" time="37.500"/>
  <system-out/>
</testsuite> <!-- Day_41_Method_OverLoading.TC01_Test -->
