<?xml version="1.0" encoding="UTF-8"?>
<!-- Generated by org.testng.reporters.JUnitReportReporter -->
<testsuite hostname="Samsung-PC" failures="0" tests="1" name="Day_003_Locators.TC03_xpath3" time="19.138" errors="0" timestamp="2021-01-15T11:35:26 IST" skipped="0">
  <testcase classname="Day_003_Locators.TC03_xpath3" name="Test2" time="19.138"/>
  <system-out/>
</testsuite> <!-- Day_003_Locators.TC03_xpath3 -->
