<?xml version="1.0" encoding="UTF-8"?>
<!-- Generated by org.testng.reporters.JUnitReportReporter -->
<testsuite hostname="Samsung-PC" failures="0" tests="1" name="Day_019_Frames.Switch_By_FrameName" time="19.016" errors="0" timestamp="2021-01-30T10:13:55 IST" skipped="0">
  <testcase classname="Day_019_Frames.Switch_By_FrameName" name="Login_Test" time="19.016"/>
  <system-out/>
</testsuite> <!-- Day_019_Frames.Switch_By_FrameName -->
