<?xml version="1.0" encoding="UTF-8"?>
<!-- Generated by org.testng.reporters.JUnitReportReporter -->
<testsuite hostname="Samsung-PC" failures="0" tests="1" name="Day_015_ParallelTests.OrangeHRMTest" time="12.908" errors="0" timestamp="2020-12-30T16:19:26 IST" skipped="0">
  <testcase classname="Day_015_ParallelTests.OrangeHRMTest" name="Open_OrangeHRM" time="12.908"/>
  <system-out/>
</testsuite> <!-- Day_015_ParallelTests.OrangeHRMTest -->
