<?xml version="1.0" encoding="UTF-8"?>
<!-- Generated by org.testng.reporters.JUnitReportReporter -->
<testsuite hostname="Samsung-PC" failures="0" tests="3" name="Day_006_TestNG_DataProvider_Lab2.OrangeHRM_DataProvider_Lab1" time="56.717" errors="0" timestamp="2020-12-27T12:00:15 IST" skipped="0">
  <testcase classname="Day_006_TestNG_DataProvider_Lab2.OrangeHRM_DataProvider_Lab1" name="Test1" time="17.293"/>
  <system-out/>
  <testcase classname="Day_006_TestNG_DataProvider_Lab2.OrangeHRM_DataProvider_Lab1" name="Test1" time="18.424"/>
  <system-out/>
  <testcase classname="Day_006_TestNG_DataProvider_Lab2.OrangeHRM_DataProvider_Lab1" name="Test1" time="21.000"/>
  <system-out/>
</testsuite> <!-- Day_006_TestNG_DataProvider_Lab2.OrangeHRM_DataProvider_Lab1 -->
