<?xml version="1.0" encoding="UTF-8"?>
<!-- Generated by org.testng.reporters.JUnitReportReporter -->
<testsuite hostname="Samsung-PC" failures="0" tests="1" name="Day_028_WebTable_Examples.TC01_Add_Nationalities" time="51.613" errors="0" timestamp="2021-02-06T11:03:24 IST" skipped="0">
  <testcase classname="Day_028_WebTable_Examples.TC01_Add_Nationalities" name="TC01_Nationality" time="51.613"/>
  <system-out/>
</testsuite> <!-- Day_028_WebTable_Examples.TC01_Add_Nationalities -->
