<?xml version="1.0" encoding="UTF-8"?>
<!-- Generated by org.testng.reporters.JUnitReportReporter -->
<testsuite hostname="Samsung-PC" failures="0" tests="1" name="Day_001_Demo.TC08_FireFox_Test" time="24.348" errors="0" timestamp="2020-12-29T12:55:35 IST" skipped="0">
  <testcase classname="Day_001_Demo.TC08_FireFox_Test" name="Login_Test" time="24.348"/>
  <system-out/>
</testsuite> <!-- Day_001_Demo.TC08_FireFox_Test -->
