<?xml version="1.0" encoding="UTF-8"?>
<!-- Generated by org.testng.reporters.JUnitReportReporter -->
<testsuite hostname="Samsung-PC" failures="0" tests="1" name="Day_031_FailedTestCases.MercuryTest" time="6.958" errors="0" timestamp="2021-02-03T10:44:39 IST" skipped="0">
  <testcase classname="Day_031_FailedTestCases.MercuryTest" name="Open_Mercury" time="6.958"/>
  <system-out/>
</testsuite> <!-- Day_031_FailedTestCases.MercuryTest -->
