<?xml version="1.0" encoding="UTF-8"?>
<!-- Generated by org.testng.reporters.JUnitReportReporter -->
<testsuite hostname="Samsung-PC" failures="0" tests="1" name="Day_019_Frames.FrameByIndex" time="9.099" errors="0" timestamp="2021-01-28T22:37:09 IST" skipped="0">
  <testcase classname="Day_019_Frames.FrameByIndex" name="Login_Test" time="9.099"/>
  <system-out/>
</testsuite> <!-- Day_019_Frames.FrameByIndex -->
