<?xml version="1.0" encoding="UTF-8"?>
<!-- Generated by org.testng.reporters.JUnitReportReporter -->
<testsuite hostname="Samsung-PC" failures="0" tests="1" name="Day_024_Advanced_Xpaths.TC008_Child" time="21.012" errors="0" timestamp="2021-01-30T11:19:14 IST" skipped="0">
  <testcase classname="Day_024_Advanced_Xpaths.TC008_Child" name="Test1" time="21.012"/>
  <system-out/>
</testsuite> <!-- Day_024_Advanced_Xpaths.TC008_Child -->
