<?xml version="1.0" encoding="UTF-8"?>
<!-- Generated by org.testng.reporters.JUnitReportReporter -->
<testsuite hostname="Samsung-PC" failures="0" tests="1" name="citybank.tco1_applycreditcard" time="17.875" errors="0" timestamp="2021-02-11T09:58:31 IST" skipped="0">
  <testcase classname="citybank.tco1_applycreditcard" name="Main" time="17.875"/>
  <system-out>
Pass- open Citybank online Pass- Sucessfully click on creditcard button  </system-out>
</testsuite> <!-- citybank.tco1_applycreditcard -->
